<?xml version="1.0" encoding="UTF-8"?>
<testng-results skipped="0" failed="0" ignored="0" total="1" passed="1">
  <reporter-output>
  </reporter-output>
  <suite name="Default suite" duration-ms="16221" started-at="2021-01-28T10:20:46 CAT" finished-at="2021-01-28T10:21:02 CAT">
    <groups>
    </groups>
    <test name="Default test" duration-ms="16221" started-at="2021-01-28T10:20:46 CAT" finished-at="2021-01-28T10:21:02 CAT">
      <class name="TestClasses.TestCorrectPage">
        <test-method status="PASS" signature="TestBrowser()[pri:0, instance:TestClasses.TestCorrectPage@68bbe345]" name="TestBrowser" duration-ms="16148" started-at="2021-01-28T10:20:46 CAT" finished-at="2021-01-28T10:21:02 CAT">
          <reporter-output>
          </reporter-output>
        </test-method> <!-- TestBrowser -->
      </class> <!-- TestClasses.TestCorrectPage -->
    </test> <!-- Default test -->
  </suite> <!-- Default suite -->
</testng-results>
